basic/build/intermediates/manifest_merge_blame_file/debug/manifest-merger-blame-debug-report.txt
1<?xml version="1.0" encoding="utf-8"?>
2<manifest xmlns:android="http://schemas.android.com/apk/res/android"
3    package="com.sample.camera.basic"
4    android:versionCode="1"
5    android:versionName="1.0" >
6
7    <uses-sdk
8        android:minSdkVersion="24"
8-->src\main\AndroidManifest.xml
9        android:targetSdkVersion="28" />
9-->src\main\AndroidManifest.xml
10
11    <uses-feature android:name="android.hardware.camera" />
11-->src\main\AndroidManifest.xml:6:3-58
11-->src\main\AndroidManifest.xml:6:17-55
12
13    <uses-permission android:name="android.permission.CAMERA" />
13-->src\main\AndroidManifest.xml:7:3-63
13-->src\main\AndroidManifest.xml:7:20-60
14    <uses-permission android:name="android.permission.WRITE_EXTERNAL_STORAGE" />
14-->src\main\AndroidManifest.xml:8:3-79
14-->src\main\AndroidManifest.xml:8:20-76
15
16    <application
16-->src\main\AndroidManifest.xml:9:3-26:17
17        android:allowBackup="false"
17-->src\main\AndroidManifest.xml:10:7-34
18        android:appComponentFactory="android.support.v4.app.CoreComponentFactory"
18-->[com.android.support:support-compat:28.0.0] AndroidManifest.xml:22:18-91
19        android:configChanges="keyboardHidden|orientation|screenSize"
19-->src\main\AndroidManifest.xml:15:7-68
20        android:debuggable="true"
21        android:extractNativeLibs="false"
22        android:fullBackupContent="false"
22-->src\main\AndroidManifest.xml:11:7-40
23        android:hasCode="true"
23-->src\main\AndroidManifest.xml:16:7-29
24        android:icon="@mipmap/ic_launcher"
24-->src\main\AndroidManifest.xml:12:7-41
25        android:label="@string/app_name"
25-->src\main\AndroidManifest.xml:13:7-39
26        android:screenOrientation="sensorLandscape" >
26-->src\main\AndroidManifest.xml:14:7-50
27        <activity
27-->src\main\AndroidManifest.xml:17:5-25:16
28            android:name="com.sample.camera.basic.CameraActivity"
28-->src\main\AndroidManifest.xml:17:15-68
29            android:label="@string/app_name" >
29-->src\main\AndroidManifest.xml:18:15-47
30            <meta-data
30-->src\main\AndroidManifest.xml:19:7-20:47
31                android:name="android.app.lib_name"
31-->src\main\AndroidManifest.xml:19:18-53
32                android:value="ndk_camera" />
32-->src\main\AndroidManifest.xml:20:18-44
33
34            <intent-filter>
34-->src\main\AndroidManifest.xml:21:7-24:23
35                <action android:name="android.intent.action.MAIN" />
35-->src\main\AndroidManifest.xml:22:9-61
35-->src\main\AndroidManifest.xml:22:17-58
36
37                <category android:name="android.intent.category.LAUNCHER" />
37-->src\main\AndroidManifest.xml:23:9-69
37-->src\main\AndroidManifest.xml:23:19-66
38            </intent-filter>
39        </activity>
40    </application>
41
42</manifest>